26/2/2026, 11:10:39 am [INFO] : 🚀 TrackTv process started
26/2/2026, 11:12:59 am [INFO] : 🚀 TrackTv process started
26/2/2026, 11:13:10 am [INFO] : Today's torrent count: 4
26/2/2026, 11:13:27 am [INFO] : TrackTv process completed Completed 🎉
26/2/2026, 11:21:09 am [INFO] : 🚀 TrackTv process started
26/2/2026, 11:21:21 am [INFO] : Today's torrent count: 4
26/2/2026, 11:21:22 am [INFO] : ⏭ Skipping already rejected:
26/2/2026, 11:21:23 am [INFO] : ⏭ Skipping already rejected:
26/2/2026, 11:21:38 am [INFO] : TrackTv process completed Completed 🎉
26/2/2026, 11:22:56 am [INFO] : 🚀 TrackTv process started
26/2/2026, 11:23:07 am [INFO] : Today's torrent count: 4
26/2/2026, 11:23:08 am [INFO] : ⏭ Skipping already rejected: Vidiyal Pudhidhu [Surkhaab]
26/2/2026, 11:23:10 am [INFO] : ⏭ Skipping already rejected: Sangamarmar
26/2/2026, 11:23:23 am [INFO] : TrackTv process completed Completed 🎉
26/2/2026, 11:28:14 am [INFO] : 🚀 TrackTv process started
26/2/2026, 11:30:28 am [INFO] : 🚀 TrackTv process started
26/2/2026, 11:30:39 am [INFO] : Scanning tag: 2026-02-26
26/2/2026, 11:30:39 am [INFO] : Today's torrent count: 4
26/2/2026, 11:30:41 am [INFO] : ⏭ Skipping already rejected: Vidiyal Pudhidhu [Surkhaab]
26/2/2026, 11:30:42 am [INFO] : ⏭ Skipping already rejected: Sangamarmar
26/2/2026, 11:30:45 am [INFO] : 🎬 Batch Movie Response:
26/2/2026, 11:30:56 am [INFO] : TrackTv process completed Completed 🎉
